<?xml version="1.0" encoding="UTF-8"?>
<testng-results ignored="0" total="1" passed="1" failed="0" skipped="0">
  <reporter-output>
  </reporter-output>
  <suite started-at="2019-12-24T18:47:26 IST" name="Default suite" finished-at="2019-12-24T18:47:28 IST" duration-ms="1222">
    <groups>
    </groups>
    <test started-at="2019-12-24T18:47:26 IST" name="Default test" finished-at="2019-12-24T18:47:28 IST" duration-ms="1222">
      <class name="com.bridgelabz.test.PostAPITest">
        <test-method is-config="true" signature="setup()[pri:0, instance:com.bridgelabz.test.PostAPITest@1dac5ef]" started-at="2019-12-24T18:47:26 IST" name="setup" finished-at="2019-12-24T18:47:26 IST" duration-ms="16" status="PASS">
          <reporter-output>
          </reporter-output>
        </test-method> <!-- setup -->
        <test-method signature="postAPITest()[pri:0, instance:com.bridgelabz.test.PostAPITest@1dac5ef]" started-at="2019-12-24T18:47:26 IST" name="postAPITest" finished-at="2019-12-24T18:47:28 IST" duration-ms="1146" status="PASS">
          <reporter-output>
          </reporter-output>
        </test-method> <!-- postAPITest -->
      </class> <!-- com.bridgelabz.test.PostAPITest -->
    </test> <!-- Default test -->
  </suite> <!-- Default suite -->
</testng-results>
